<?xml version="1.0" encoding="UTF-8"?>
<testsuite xmlns:xsi="http://www.w3.org/2001/XMLSchema-instance" xsi:noNamespaceSchemaLocation="https://maven.apache.org/surefire/maven-surefire-plugin/xsd/surefire-test-report-3.0.xsd" version="3.0" name="com.app.domain.TestServiceApplicationTests" time="7.631" tests="1" errors="0" skipped="0" failures="0">
  <properties>
[...]
</properties>
  <testcase name="contextLoads" classname="com.app.domain.TestServiceApplicationTests" time="2.075">
    <system-out><![CDATA[17:14:37.175 [main] INFO org.springframework.test.context.support.AnnotationConfigContextLoaderUtils -- Could not detect default configuration classes for test class [com.app.domain.TestServiceApplicationTests]: TestServiceApplicationTests does not declare any static, non-private, non-final, nested classes annotated with @Configuration.
17:14:37.419 [main] INFO org.springframework.boot.test.context.SpringBootTestContextBootstrapper -- Found @SpringBootConfiguration com.app.domain.TestServiceApplication for test class com.app.domain.TestServiceApplicationTests

  .   ____          _            __ _ _
 /\\ / ___'_ __ _ _(_)_ __  __ _ \ \ \ \
( ( )\___ | '_ | '_| | '_ \/ _` | \ \ \ \
 \\/  ___)| |_)| | | | | || (_| |  ) ) ) )
  '  |____| .__|_| |_|_| |_\__, | / / / /
 =========|_|==============|___/=/_/_/_/

 :: Spring Boot ::                (v3.3.5)

2025-10-16T17:14:38.381+05:30  INFO 15792 --- [test-service] [           main] c.a.domain.TestServiceApplicationTests   : Starting TestServiceApplicationTests using Java 17.0.1 with PID 15792 (started by Viswanathan Ram in E:\prj_ws\test-service)
2025-10-16T17:14:38.383+05:30  INFO 15792 --- [test-service] [           main] c.a.domain.TestServiceApplicationTests   : No active profile set, falling back to 1 default profile: "default"
2025-10-16T17:14:41.979+05:30  INFO 15792 --- [test-service] [           main] c.a.domain.TestServiceApplicationTests   : Started TestServiceApplicationTests in 4.184 seconds (process running for 6.465)
]]></system-out>
  </testcase>
</testsuite>